This is pdfTeX, Version 3.14159265-2.6-1.40.20 (MiKTeX 2.9.6960 64-bit) (preloaded format=pdflatex 2019.2.2)  23 FEB 2019 09:17
entering extended mode
**"./Informe Muestreo.tex"
("Informe Muestreo.tex"
LaTeX2e <2018-12-01>
(revcoles.cls
Document Class: revcoles 2009/04/22 v2.5 document class for multi authored arti
cle for REVCOLES journal, Symposium of statistic, projects of pregrade in stati
stic, and report in a course at the National University of Colombia
("C:\Program Files\MiKTeX 2.9\tex/latex/base\fontenc.sty"
Package: fontenc 2018/08/11 v2.0j Standard LaTeX package

("C:\Program Files\MiKTeX 2.9\tex/latex/base\t1enc.def"
File: t1enc.def 2018/08/11 v2.0j Standard LaTeX file
LaTeX Font Info:    Redeclaring font encoding T1 on input line 48.
))
("C:\Program Files\MiKTeX 2.9\tex/latex/amsmath\amsmath.sty"
Package: amsmath 2018/12/01 v2.17b AMS math features
\@mathmargin=\skip41

For additional information on amsmath, use the `?' option.
("C:\Program Files\MiKTeX 2.9\tex/latex/amsmath\amstext.sty"
Package: amstext 2000/06/29 v2.01 AMS text

("C:\Program Files\MiKTeX 2.9\tex/latex/amsmath\amsgen.sty"
File: amsgen.sty 1999/11/30 v2.0 generic functions
\@emptytoks=\toks14
\ex@=\dimen102
))
("C:\Program Files\MiKTeX 2.9\tex/latex/amsmath\amsbsy.sty"
Package: amsbsy 1999/11/29 v1.2d Bold Symbols
\pmbraise@=\dimen103
)
("C:\Program Files\MiKTeX 2.9\tex/latex/amsmath\amsopn.sty"
Package: amsopn 2016/03/08 v2.02 operator names
)
\inf@bad=\count80
LaTeX Info: Redefining \frac on input line 223.
\uproot@=\count81
\leftroot@=\count82
LaTeX Info: Redefining \overline on input line 385.
\classnum@=\count83
\DOTSCASE@=\count84
LaTeX Info: Redefining \ldots on input line 482.
LaTeX Info: Redefining \dots on input line 485.
LaTeX Info: Redefining \cdots on input line 606.
\Mathstrutbox@=\box27
\strutbox@=\box28
\big@size=\dimen104
LaTeX Font Info:    Redeclaring font encoding OML on input line 729.
LaTeX Font Info:    Redeclaring font encoding OMS on input line 730.
\macc@depth=\count85
\c@MaxMatrixCols=\count86
\dotsspace@=\muskip10
\c@parentequation=\count87
\dspbrk@lvl=\count88
\tag@help=\toks15
\row@=\count89
\column@=\count90
\maxfields@=\count91
\andhelp@=\toks16
\eqnshift@=\dimen105
\alignsep@=\dimen106
\tagshift@=\dimen107
\tagwidth@=\dimen108
\totwidth@=\dimen109
\lineht@=\dimen110
\@envbody=\toks17
\multlinegap=\skip42
\multlinetaggap=\skip43
\mathdisplay@stack=\toks18
LaTeX Info: Redefining \[ on input line 2844.
LaTeX Info: Redefining \] on input line 2845.
)
("C:\Program Files\MiKTeX 2.9\tex/latex/amscls\amsthm.sty"
Package: amsthm 2017/10/31 v2.20.4
\thm@style=\toks19
\thm@bodyfont=\toks20
\thm@headfont=\toks21
\thm@notefont=\toks22
\thm@headpunct=\toks23
\thm@preskip=\skip44
\thm@postskip=\skip45
\thm@headsep=\skip46
\dth@everypar=\toks24
)
("C:\Program Files\MiKTeX 2.9\tex/latex/amsfonts\amssymb.sty"
Package: amssymb 2013/01/14 v3.01 AMS font symbols

("C:\Program Files\MiKTeX 2.9\tex/latex/amsfonts\amsfonts.sty"
Package: amsfonts 2013/01/14 v3.01 Basic AMSFonts support
\symAMSa=\mathgroup4
\symAMSb=\mathgroup5
LaTeX Font Info:    Overwriting math alphabet `\mathfrak' in version `bold'
(Font)                  U/euf/m/n --> U/euf/b/n on input line 106.
))
("C:\Program Files\MiKTeX 2.9\tex/latex/base\latexsym.sty"
Package: latexsym 1998/08/17 v2.2e Standard LaTeX package (lasy symbols)
\symlasy=\mathgroup6
LaTeX Font Info:    Overwriting symbol font `lasy' in version `bold'
(Font)                  U/lasy/m/n --> U/lasy/b/n on input line 52.
)
("C:\Program Files\MiKTeX 2.9\tex/latex/tools\verbatim.sty"
Package: verbatim 2014/10/28 v1.5q LaTeX2e package for verbatim enhancements
\every@verbatim=\toks25
\verbatim@line=\toks26
\verbatim@in@stream=\read1
)
("C:\Program Files\MiKTeX 2.9\tex/latex/tools\enumerate.sty"
Package: enumerate 2015/07/23 v3.00 enumerate extensions (DPC)
\@enLab=\toks27
)
("C:\Program Files\MiKTeX 2.9\tex/latex/tools\array.sty"
Package: array 2018/12/30 v2.4k Tabular extension package (FMi)
\col@sep=\dimen111
\ar@mcellbox=\box29
\extrarowheight=\dimen112
\NC@list=\toks28
\extratabsurround=\skip47
\backup@length=\skip48
\ar@cellbox=\box30
)
("C:\Program Files\MiKTeX 2.9\tex/latex/tools\multicol.sty"
Package: multicol 2018/12/27 v1.8v multicolumn formatting (FMi)
\c@tracingmulticols=\count92
\mult@box=\box31
\multicol@leftmargin=\dimen113
\c@unbalance=\count93
\c@collectmore=\count94
\doublecol@number=\count95
\multicoltolerance=\count96
\multicolpretolerance=\count97
\full@width=\dimen114
\page@free=\dimen115
\premulticols=\dimen116
\postmulticols=\dimen117
\multicolsep=\skip49
\multicolbaselineskip=\skip50
\partial@page=\box32
\last@line=\box33
\maxbalancingoverflow=\dimen118
\mult@rightbox=\box34
\mult@grightbox=\box35
\mult@gfirstbox=\box36
\mult@firstbox=\box37
\@tempa=\box38
\@tempa=\box39
\@tempa=\box40
\@tempa=\box41
\@tempa=\box42
\@tempa=\box43
\@tempa=\box44
\@tempa=\box45
\@tempa=\box46
\@tempa=\box47
\@tempa=\box48
\@tempa=\box49
\@tempa=\box50
\@tempa=\box51
\@tempa=\box52
\@tempa=\box53
\@tempa=\box54
\c@columnbadness=\count98
\c@finalcolumnbadness=\count99
\last@try=\dimen119
\multicolovershoot=\dimen120
\multicolundershoot=\dimen121
\mult@nat@firstbox=\box55
\colbreak@box=\box56
\mc@col@check@num=\count100
)
("C:\Program Files\MiKTeX 2.9\tex/generic/oberdiek\ifpdf.sty"
Package: ifpdf 2018/09/07 v3.3 Provides the ifpdf switch
)
("C:\Program Files\MiKTeX 2.9\tex/latex/graphics\graphicx.sty"
Package: graphicx 2017/06/01 v1.1a Enhanced LaTeX Graphics (DPC,SPQR)

("C:\Program Files\MiKTeX 2.9\tex/latex/graphics\keyval.sty"
Package: keyval 2014/10/28 v1.15 key=value parser (DPC)
\KV@toks@=\toks29
)
("C:\Program Files\MiKTeX 2.9\tex/latex/graphics\graphics.sty"
Package: graphics 2017/06/25 v1.2c Standard LaTeX Graphics (DPC,SPQR)

("C:\Program Files\MiKTeX 2.9\tex/latex/graphics\trig.sty"
Package: trig 2016/01/03 v1.10 sin cos tan (DPC)
)
("C:\Program Files\MiKTeX 2.9\tex/latex/graphics-cfg\graphics.cfg"
File: graphics.cfg 2016/06/04 v1.11 sample graphics configuration
)
Package graphics Info: Driver file: pdftex.def on input line 99.

("C:\Program Files\MiKTeX 2.9\tex/latex/graphics-def\pdftex.def"
File: pdftex.def 2018/01/08 v1.0l Graphics/color driver for pdftex
))
\Gin@req@height=\dimen122
\Gin@req@width=\dimen123
)
("C:\Program Files\MiKTeX 2.9\tex/latex/graphics\color.sty"
Package: color 2016/07/10 v1.1e Standard LaTeX Color (DPC)

("C:\Program Files\MiKTeX 2.9\tex/latex/graphics-cfg\color.cfg"
File: color.cfg 2016/01/02 v1.6 sample color configuration
)
Package color Info: Driver file: pdftex.def on input line 147.
)
\c@@symposium=\count101
\c@@instnumber=\count102
\c@@inst=\count103
\c@@last=\count104
\c@@author=\count105
\c@prop=\count106
\c@teor=\count107
\c@coro=\count108
\c@lema=\count109
\c@resu=\count110
\c@defi=\count111
\c@exam=\count112
\c@exams=\count113
\c@exer=\count114
\c@exers=\count115
\c@note=\count116
\c@nota=\count117
\c@obse=\count118
\c@cond=\count119

("C:\Program Files\MiKTeX 2.9\tex/latex/base\size10.clo"
File: size10.clo 2018/09/03 v1.4i Standard LaTeX file (size option)
)
("C:\Program Files\MiKTeX 2.9\tex/generic/babel\babel.sty"
Package: babel 2018/11/13 3.27 The Babel package

("C:\Program Files\MiKTeX 2.9\tex/generic/babel\switch.def"
File: switch.def 2018/11/13 3.27 Babel switching mechanism
)
*************************************
* Local config file bblopts.cfg used
*
(C:\Users\KEVINSTEVEN\AppData\Roaming\MiKTeX\2.9\tex/latex/arabi\bblopts.cfg
File: bblopts.cfg 2005/09/08 v0.1 add Arabic and Farsi to "declared" options of
 babel
)
("C:\Program Files\MiKTeX 2.9\tex/latex/babel-spanish\spanish.ldf"
Language: spanish.ldf 2016/03/03 v5.0p Spanish support from the babel system

("C:\Program Files\MiKTeX 2.9\tex/generic/babel\babel.def"
File: babel.def 2018/11/13 3.27 Babel common definitions
\babel@savecnt=\count120
\U@D=\dimen124

("C:\Program Files\MiKTeX 2.9\tex/generic/babel\txtbabel.def")
\bbl@dirlevel=\count121
)
\es@quottoks=\toks30
\es@quotdepth=\count122
Package babel Info: Making " an active character on input line 561.
Package babel Info: Making . an active character on input line 662.
Package babel Info: Making < an active character on input line 707.
Package babel Info: Making > an active character on input line 707.
))
\c@section=\count123
\c@subsection=\count124
\c@subsubsection=\count125
\c@paragraph=\count126
\c@subparagraph=\count127
\c@figure=\count128
\c@table=\count129
\abovecaptionskip=\skip51
\belowcaptionskip=\skip52
\bibindent=\dimen125

(C:\Users\KEVINSTEVEN\AppData\Roaming\MiKTeX\2.9\tex/latex/caption\caption.sty
Package: caption 2018/10/06 v3.3-154 Customizing captions (AR)

(C:\Users\KEVINSTEVEN\AppData\Roaming\MiKTeX\2.9\tex/latex/caption\caption3.sty
Package: caption3 2018/09/12 v1.8c caption3 kernel (AR)
Package caption3 Info: TeX engine: e-TeX on input line 64.
\captionmargin=\dimen126
\captionmargin@=\dimen127
\captionwidth=\dimen128
\caption@tempdima=\dimen129
\caption@indent=\dimen130
\caption@parindent=\dimen131
\caption@hangindent=\dimen132
)
\c@caption@flags=\count130
\c@ContinuedFloat=\count131
) ("C:\Program Files\MiKTeX 2.9\tex/latex/harvard\harvard.sty"
Package: harvard 

("C:\Program Files\MiKTeX 2.9\tex/latex/base\ifthen.sty"
Package: ifthen 2014/09/29 v1.1c Standard LaTeX ifthen package (DPC)
)))
("C:\Program Files\MiKTeX 2.9\tex/latex/float\float.sty"
Package: float 2001/11/08 v1.3d Float enhancements (AL)
\c@float@type=\count132
\float@exts=\toks31
\float@box=\box57
\@float@everytoks=\toks32
\@floatcapt=\box58
)
("C:\Program Files\MiKTeX 2.9\tex/latex/base\inputenc.sty"
Package: inputenc 2018/08/11 v1.3c Input encoding file
\inpenc@prehook=\toks33
\inpenc@posthook=\toks34

("C:\Program Files\MiKTeX 2.9\tex/latex/base\latin1.def"
File: latin1.def 2018/08/11 v1.3c Input encoding file
))
("C:\Program Files\MiKTeX 2.9\tex/latex/geometry\geometry.sty"
Package: geometry 2018/04/16 v5.8 Page Geometry

("C:\Program Files\MiKTeX 2.9\tex/generic/oberdiek\ifvtex.sty"
Package: ifvtex 2016/05/16 v1.6 Detect VTeX and its facilities (HO)
Package ifvtex Info: VTeX not detected.
)
("C:\Program Files\MiKTeX 2.9\tex/generic/ifxetex\ifxetex.sty"
Package: ifxetex 2010/09/12 v0.6 Provides ifxetex conditional
)
\Gm@cnth=\count133
\Gm@cntv=\count134
\c@Gm@tempcnt=\count135
\Gm@bindingoffset=\dimen133
\Gm@wd@mp=\dimen134
\Gm@odd@mp=\dimen135
\Gm@even@mp=\dimen136
\Gm@layoutwidth=\dimen137
\Gm@layoutheight=\dimen138
\Gm@layouthoffset=\dimen139
\Gm@layoutvoffset=\dimen140
\Gm@dimlist=\toks35

("C:\Program Files\MiKTeX 2.9\tex/latex/geometry\geometry.cfg"))
No file "Informe Muestreo".aux.
\openout1 = `"Informe Muestreo.aux"'.

LaTeX Font Info:    Checking defaults for OML/cmm/m/it on input line 41.
LaTeX Font Info:    ... okay on input line 41.
LaTeX Font Info:    Checking defaults for T1/cmr/m/n on input line 41.
LaTeX Font Info:    ... okay on input line 41.
LaTeX Font Info:    Checking defaults for OT1/cmr/m/n on input line 41.
LaTeX Font Info:    ... okay on input line 41.
LaTeX Font Info:    Checking defaults for OMS/cmsy/m/n on input line 41.
LaTeX Font Info:    ... okay on input line 41.
LaTeX Font Info:    Checking defaults for OMX/cmex/m/n on input line 41.
LaTeX Font Info:    ... okay on input line 41.
LaTeX Font Info:    Checking defaults for U/cmr/m/n on input line 41.
LaTeX Font Info:    ... okay on input line 41.

(C:\Users\KEVINSTEVEN\AppData\Roaming\MiKTeX\2.9\tex/context/base\supp-pdf.mkii
[Loading MPS to PDF converter (version 2006.09.02).]
\scratchcounter=\count136
\scratchdimen=\dimen141
\scratchbox=\box59
\nofMPsegments=\count137
\nofMParguments=\count138
\everyMPshowfont=\toks36
\MPscratchCnt=\count139
\MPscratchDim=\dimen142
\MPnumerator=\count140
\makeMPintoPDFobject=\count141
\everyMPtoPDFconversion=\toks37
) ("C:\Program Files\MiKTeX 2.9\tex/latex/oberdiek\epstopdf-base.sty"
Package: epstopdf-base 2016/05/15 v2.6 Base part for package epstopdf

("C:\Program Files\MiKTeX 2.9\tex/generic/oberdiek\infwarerr.sty"
Package: infwarerr 2016/05/16 v1.4 Providing info/warning/error messages (HO)
)
("C:\Program Files\MiKTeX 2.9\tex/latex/oberdiek\grfext.sty"
Package: grfext 2016/05/16 v1.2 Manage graphics extensions (HO)

("C:\Program Files\MiKTeX 2.9\tex/generic/oberdiek\kvdefinekeys.sty"
Package: kvdefinekeys 2016/05/16 v1.4 Define keys (HO)

("C:\Program Files\MiKTeX 2.9\tex/generic/oberdiek\ltxcmds.sty"
Package: ltxcmds 2016/05/16 v1.23 LaTeX kernel commands for general use (HO)
)))
("C:\Program Files\MiKTeX 2.9\tex/latex/oberdiek\kvoptions.sty"
Package: kvoptions 2016/05/16 v3.12 Key value format for package options (HO)

("C:\Program Files\MiKTeX 2.9\tex/generic/oberdiek\kvsetkeys.sty"
Package: kvsetkeys 2016/05/16 v1.17 Key value parser (HO)

("C:\Program Files\MiKTeX 2.9\tex/generic/oberdiek\etexcmds.sty"
Package: etexcmds 2016/05/16 v1.6 Avoid name clashes with e-TeX commands (HO)

("C:\Program Files\MiKTeX 2.9\tex/generic/oberdiek\ifluatex.sty"
Package: ifluatex 2016/05/16 v1.4 Provides the ifluatex switch (HO)
Package ifluatex Info: LuaTeX not detected.
))))
("C:\Program Files\MiKTeX 2.9\tex/generic/oberdiek\pdftexcmds.sty"
Package: pdftexcmds 2018/09/10 v0.29 Utility functions of pdfTeX for LuaTeX (HO
)
Package pdftexcmds Info: LuaTeX not detected.
Package pdftexcmds Info: \pdf@primitive is available.
Package pdftexcmds Info: \pdf@ifprimitive is available.
Package pdftexcmds Info: \pdfdraftmode found.
)
Package epstopdf-base Info: Redefining graphics rule for `.eps' on input line 4
38.
Package grfext Info: Graphics extension search list:
(grfext)             [.pdf,.png,.jpg,.eps]
(grfext)             \AppendGraphicsExtensions on input line 456.
)
LaTeX Info: Redefining \. on input line 41.
LaTeX Info: Redefining \% on input line 41.
Package caption Info: Begin \AtBeginDocument code.
Package caption Info: float package is loaded.
Package caption Info: End \AtBeginDocument code.

*geometry* driver: auto-detecting
*geometry* detected driver: pdftex
*geometry* verbose mode - [ preamble ] result:
* driver: pdftex
* paper: <default>
* layout: <same size as paper>
* layoutoffset:(h,v)=(0.0pt,0.0pt)
* modes: 
* h-part:(L,W,R)=(56.9055pt, 500.484pt, 56.9055pt)
* v-part:(T,H,B)=(56.9055pt, 709.61174pt, 28.45274pt)
* \paperwidth=614.295pt
* \paperheight=794.96999pt
* \textwidth=500.484pt
* \textheight=709.61174pt
* \oddsidemargin=-15.36449pt
* \evensidemargin=-15.36449pt
* \topmargin=-44.43613pt
* \headheight=12.0pt
* \headsep=17.07164pt
* \topskip=10.0pt
* \footskip=30.0pt
* \marginparwidth=5.69054pt
* \marginparsep=11.0pt
* \columnsep=10.0pt
* \skip\footins=9.0pt plus 4.0pt minus 2.0pt
* \hoffset=0.0pt
* \voffset=-15.36446pt
* \mag=1000
* \@twocolumnfalse
* \@twosidefalse
* \@mparswitchfalse
* \@reversemarginfalse
* (1in=72.27pt=25.4mm, 1cm=28.453pt)

LaTeX Font Info:    Try loading font information for U+msa on input line 52.
("C:\Program Files\MiKTeX 2.9\tex/latex/amsfonts\umsa.fd"
File: umsa.fd 2013/01/14 v3.01 AMS symbols A
)
LaTeX Font Info:    Try loading font information for U+msb on input line 52.

("C:\Program Files\MiKTeX 2.9\tex/latex/amsfonts\umsb.fd"
File: umsb.fd 2013/01/14 v3.01 AMS symbols B
)
LaTeX Font Info:    Try loading font information for U+lasy on input line 52.

("C:\Program Files\MiKTeX 2.9\tex/latex/base\ulasy.fd"
File: ulasy.fd 1998/08/17 v2.2e LaTeX symbol font definitions
)

LaTeX Warning: Characters dropped after `\end{comment}' on input line 131.


Overfull \hbox (21.91953pt too wide) in paragraph at lines 142--160
[][] 
 []

LaTeX Font Info:    Try loading font information for OMS+cmr on input line 166.

("C:\Program Files\MiKTeX 2.9\tex/latex/base\omscmr.fd"
File: omscmr.fd 2014/09/29 v2.5h Standard LaTeX font definitions
)
LaTeX Font Info:    Font shape `OMS/cmr/m/n' in size <10> not available
(Font)              Font shape `OMS/cmsy/m/n' tried instead on input line 166.

Overfull \hbox (8.2183pt too wide) in paragraph at lines 179--197
[][]
 []


Underfull \hbox (badness 10000) in paragraph at lines 179--197

 []


Underfull \hbox (badness 10000) in paragraph at lines 179--197

 []

[1

{C:/Users/KEVINSTEVEN/AppData/Local/MiKTeX/2.9/pdftex/config/pdftex.map}]
Overfull \hbox (8.21445pt too wide) in paragraph at lines 200--216
[][] 
 []


Overfull \hbox (44.58066pt too wide) in paragraph at lines 233--251
[][] 
 []

[2]
<FigurasUV/I.pdf, id=19, 1027.84pt x 545.03625pt>
File: FigurasUV/I.pdf Graphic file (type pdf)
<use FigurasUV/I.pdf>
Package pdftex.def Info: FigurasUV/I.pdf  used on input line 277.
(pdftex.def)             Requested size: 513.91875pt x 272.51746pt.

Overfull \hbox (13.43475pt too wide) in paragraph at lines 277--278
 [][] 
 []

[3 <./FigurasUV/I.pdf>]
<FigurasUV/nubeind.pdf, id=27, 1027.84pt x 545.03625pt>
File: FigurasUV/nubeind.pdf Graphic file (type pdf)
<use FigurasUV/nubeind.pdf>
Package pdftex.def Info: FigurasUV/nubeind.pdf  used on input line 318.
(pdftex.def)             Requested size: 513.91875pt x 272.51746pt.

Overfull \hbox (13.43475pt too wide) in paragraph at lines 318--319
 [][] 
 []

[4 <./FigurasUV/nubeind.pdf>]
<FigurasUV/nubevar.pdf, id=35, 1027.84pt x 545.03625pt>
File: FigurasUV/nubevar.pdf Graphic file (type pdf)
<use FigurasUV/nubevar.pdf>
Package pdftex.def Info: FigurasUV/nubevar.pdf  used on input line 409.
(pdftex.def)             Requested size: 513.91875pt x 272.51746pt.

Overfull \hbox (13.43475pt too wide) in paragraph at lines 409--410
 [][] 
 []

[5] [6 <./FigurasUV/nubevar.pdf>]
<FigurasUV/nubegru.pdf, id=45, 1027.84pt x 545.03625pt>
File: FigurasUV/nubegru.pdf Graphic file (type pdf)
<use FigurasUV/nubegru.pdf>
Package pdftex.def Info: FigurasUV/nubegru.pdf  used on input line 465.
(pdftex.def)             Requested size: 513.91875pt x 272.51746pt.

Overfull \hbox (13.43475pt too wide) in paragraph at lines 465--466
 [][] 
 []

[7 <./FigurasUV/nubegru.pdf>] [8]
<FigurasUV/RS.pdf, id=63, 1027.84pt x 545.03625pt>
File: FigurasUV/RS.pdf Graphic file (type pdf)
<use FigurasUV/RS.pdf>
Package pdftex.def Info: FigurasUV/RS.pdf  used on input line 527.
(pdftex.def)             Requested size: 462.52373pt x 245.26405pt.
<FigurasUV/EP.pdf, id=64, 1027.84pt x 545.03625pt>
File: FigurasUV/EP.pdf Graphic file (type pdf)
<use FigurasUV/EP.pdf>
Package pdftex.def Info: FigurasUV/EP.pdf  used on input line 539.
(pdftex.def)             Requested size: 513.91875pt x 272.51746pt.

Overfull \hbox (13.43475pt too wide) in paragraph at lines 539--540
 [][] 
 []

[9 <./FigurasUV/RS.pdf> <./FigurasUV/EP.pdf>]

LaTeX Warning: Citation 'AFM' on page 10 undefined on input line 592.


LaTeX Warning: Citation 'ggp2' on page 10 undefined on input line 593.


LaTeX Warning: Citation 'FE' on page 10 undefined on input line 594.


LaTeX Warning: Citation 'FMR' on page 10 undefined on input line 595.


LaTeX Warning: Citation 'FShiny' on page 10 undefined on input line 596.


LaTeX Warning: Citation 'MMDA' on page 10 undefined on input line 597.


LaTeX Warning: Citation 'MFA' on page 10 undefined on input line 598.

No file "Informe Muestreo".bbl.
[10] ("Informe Muestreo.aux"
LaTeX Info: Redefining \. on input line 6.
LaTeX Info: Redefining \% on input line 6.
)

LaTeX Warning: Label(s) may have changed. Rerun to get cross-references right.

 ) 
Here is how much of TeX's memory you used:
 5990 strings out of 492946
 84507 string characters out of 3135510
 187260 words of memory out of 3000000
 9746 multiletter control sequences out of 15000+200000
 18900 words of font info for 57 fonts, out of 3000000 for 9000
 1145 hyphenation exceptions out of 8191
 43i,8n,40p,854b,359s stack positions out of 5000i,500n,10000p,200000b,50000s
 <C:\Users\KEVINSTEVEN\AppData\Local\MiKTeX\2.9\fonts/pk/ljfour/jknappen/ec/d
pi600\ecti0900.pk> <C:\Users\KEVINSTEVEN\AppData\Local\MiKTeX\2.9\fonts/pk/ljfo
ur/jknappen/ec/dpi600\ecrm0800.pk> <C:\Users\KEVINSTEVEN\AppData\Local\MiKTeX\2
.9\fonts/pk/ljfour/jknappen/ec/dpi600\ecrm0600.pk> <C:\Users\KEVINSTEVEN\AppDat
a\Local\MiKTeX\2.9\fonts/pk/ljfour/jknappen/ec/dpi600\ecrm1000.pk> <C:\Users\KE
VINSTEVEN\AppData\Local\MiKTeX\2.9\fonts/pk/ljfour/jknappen/ec/dpi600\ecbx1000.
pk> <C:\Users\KEVINSTEVEN\AppData\Local\MiKTeX\2.9\fonts/pk/ljfour/jknappen/ec/
dpi600\ecrm0700.pk> <C:\Users\KEVINSTEVEN\AppData\Local\MiKTeX\2.9\fonts/pk/ljf
our/jknappen/ec/dpi600\eccc1000.pk> <C:\Users\KEVINSTEVEN\AppData\Local\MiKTeX\
2.9\fonts/pk/ljfour/jknappen/ec/dpi600\ecbx1440.pk> <C:\Users\KEVINSTEVEN\AppDa
ta\Local\MiKTeX\2.9\fonts/pk/ljfour/jknappen/ec/dpi600\ecrm0900.pk> <C:\Users\K
EVINSTEVEN\AppData\Local\MiKTeX\2.9\fonts/pk/ljfour/jknappen/ec/dpi600\ecbx0900
.pk><C:/Program Files/MiKTeX 2.9/fonts/type1/public/amsfonts/cm/cmex10.pfb><C:/
Program Files/MiKTeX 2.9/fonts/type1/public/amsfonts/cm/cmmi10.pfb><C:/Program 
Files/MiKTeX 2.9/fonts/type1/public/amsfonts/cm/cmmi7.pfb><C:/Program Files/MiK
TeX 2.9/fonts/type1/public/amsfonts/cm/cmr10.pfb><C:/Program Files/MiKTeX 2.9/f
onts/type1/public/amsfonts/cm/cmr5.pfb><C:/Program Files/MiKTeX 2.9/fonts/type1
/public/amsfonts/cm/cmr7.pfb><C:/Program Files/MiKTeX 2.9/fonts/type1/public/am
sfonts/cm/cmsy10.pfb><C:/Program Files/MiKTeX 2.9/fonts/type1/public/amsfonts/c
m/cmsy7.pfb>
Output written on "Informe Muestreo.pdf" (10 pages, 198668 bytes).
PDF statistics:
 376 PDF objects out of 1000 (max. 8388607)
 0 named destinations out of 1000 (max. 500000)
 31 words of extra memory for PDF output out of 10000 (max. 10000000)

